<?xml version="1.0" encoding="UTF-8"?>
<testng-results ignored="0" total="2" passed="2" failed="0" skipped="0">
  <reporter-output>
  </reporter-output>
  <suite started-at="2025-12-23T10:57:23 IST" name="Surefire suite" finished-at="2025-12-23T10:57:24 IST" duration-ms="939">
    <groups>
    </groups>
    <test started-at="2025-12-23T10:57:23 IST" name="Surefire test" finished-at="2025-12-23T10:57:24 IST" duration-ms="939">
      <class name="GradesApiTests">
        <test-method is-config="true" signature="setup()[pri:0, instance:GradesApiTests@120d6fe6]" started-at="2025-12-23T10:57:23 IST" name="setup" finished-at="2025-12-23T10:57:24 IST" duration-ms="188" status="PASS">
          <reporter-output>
          </reporter-output>
        </test-method> <!-- setup -->
        <test-method signature="crudGrade()[pri:0, instance:GradesApiTests@120d6fe6]" started-at="2025-12-23T10:57:24 IST" name="crudGrade" finished-at="2025-12-23T10:57:24 IST" duration-ms="716" status="PASS">
          <reporter-output>
          </reporter-output>
        </test-method> <!-- crudGrade -->
        <test-method signature="listGrades()[pri:0, instance:GradesApiTests@120d6fe6]" started-at="2025-12-23T10:57:24 IST" name="listGrades" finished-at="2025-12-23T10:57:24 IST" duration-ms="23" status="PASS">
          <reporter-output>
          </reporter-output>
        </test-method> <!-- listGrades -->
      </class> <!-- GradesApiTests -->
    </test> <!-- Surefire test -->
  </suite> <!-- Surefire suite -->
</testng-results>
